2025-10-27T20:11:43.609-03:00  INFO 14276 --- [HolaMundo] [restartedMain] com.skillnest.web.HolaMundoApplication   : Starting HolaMundoApplication using Java 21.0.7 with PID 14276 (C:\skillnest\W_STS\HolaMundo\target\classes started by Usuario in C:\skillnest\W_STS\HolaMundo)
2025-10-27T20:11:43.619-03:00  INFO 14276 --- [HolaMundo] [restartedMain] com.skillnest.web.HolaMundoApplication   : No active profile set, falling back to 1 default profile: "default"
2025-10-27T20:11:43.779-03:00  INFO 14276 --- [HolaMundo] [restartedMain] .e.DevToolsPropertyDefaultsPostProcessor : Devtools property defaults active! Set 'spring.devtools.add-properties' to 'false' to disable
2025-10-27T20:11:43.780-03:00  INFO 14276 --- [HolaMundo] [restartedMain] .e.DevToolsPropertyDefaultsPostProcessor : For additional web related logging consider setting the 'logging.level.web' property to 'DEBUG'
2025-10-27T20:11:45.774-03:00  INFO 14276 --- [HolaMundo] [restartedMain] .s.d.r.c.RepositoryConfigurationDelegate : Bootstrapping Spring Data JPA repositories in DEFAULT mode.
2025-10-27T20:11:45.824-03:00  INFO 14276 --- [HolaMundo] [restartedMain] .s.d.r.c.RepositoryConfigurationDelegate : Finished Spring Data repository scanning in 27 ms. Found 0 JPA repository interfaces.
2025-10-27T20:11:47.008-03:00  INFO 14276 --- [HolaMundo] [restartedMain] o.s.b.w.embedded.tomcat.TomcatWebServer  : Tomcat initialized with port 8080 (http)
2025-10-27T20:11:47.043-03:00  INFO 14276 --- [HolaMundo] [restartedMain] o.apache.catalina.core.StandardService   : Starting service [Tomcat]
2025-10-27T20:11:47.044-03:00  INFO 14276 --- [HolaMundo] [restartedMain] o.apache.catalina.core.StandardEngine    : Starting Servlet engine: [Apache Tomcat/10.1.46]
2025-10-27T20:11:47.648-03:00  INFO 14276 --- [HolaMundo] [restartedMain] org.apache.jasper.servlet.TldScanner     : At least one JAR was scanned for TLDs yet contained no TLDs. Enable debug logging for this logger for a complete list of JARs that were scanned but no TLDs were found in them. Skipping unneeded JARs during scanning can improve startup time and JSP compilation time.
2025-10-27T20:11:47.666-03:00  INFO 14276 --- [HolaMundo] [restartedMain] o.a.c.c.C.[Tomcat].[localhost].[/]       : Initializing Spring embedded WebApplicationContext
2025-10-27T20:11:47.669-03:00  INFO 14276 --- [HolaMundo] [restartedMain] w.s.c.ServletWebServerApplicationContext : Root WebApplicationContext: initialization completed in 3886 ms
2025-10-27T20:11:48.280-03:00  INFO 14276 --- [HolaMundo] [restartedMain] o.hibernate.jpa.internal.util.LogHelper  : HHH000204: Processing PersistenceUnitInfo [name: default]
2025-10-27T20:11:48.503-03:00  INFO 14276 --- [HolaMundo] [restartedMain] org.hibernate.Version                    : HHH000412: Hibernate ORM core version 6.6.29.Final
2025-10-27T20:11:48.647-03:00  INFO 14276 --- [HolaMundo] [restartedMain] o.h.c.internal.RegionFactoryInitiator    : HHH000026: Second-level cache disabled
2025-10-27T20:11:49.423-03:00  INFO 14276 --- [HolaMundo] [restartedMain] o.s.o.j.p.SpringPersistenceUnitInfo      : No LoadTimeWeaver setup: ignoring JPA class transformer
2025-10-27T20:11:49.507-03:00  INFO 14276 --- [HolaMundo] [restartedMain] com.zaxxer.hikari.HikariDataSource       : HikariPool-1 - Starting...
2025-10-27T20:11:49.915-03:00  INFO 14276 --- [HolaMundo] [restartedMain] com.zaxxer.hikari.pool.HikariPool        : HikariPool-1 - Added connection com.mysql.cj.jdbc.ConnectionImpl@4ccb7921
2025-10-27T20:11:49.919-03:00  INFO 14276 --- [HolaMundo] [restartedMain] com.zaxxer.hikari.HikariDataSource       : HikariPool-1 - Start completed.
2025-10-27T20:11:50.190-03:00  INFO 14276 --- [HolaMundo] [restartedMain] org.hibernate.orm.connections.pooling    : HHH10001005: Database info:
	Database JDBC URL [Connecting through datasource 'HikariDataSource (HikariPool-1)']
	Database driver: undefined/unknown
	Database version: 8.0.42
	Autocommit mode: undefined/unknown
	Isolation level: undefined/unknown
	Minimum pool size: undefined/unknown
	Maximum pool size: undefined/unknown
2025-10-27T20:11:51.016-03:00  INFO 14276 --- [HolaMundo] [restartedMain] o.h.e.t.j.p.i.JtaPlatformInitiator       : HHH000489: No JTA platform available (set 'hibernate.transaction.jta.platform' to enable JTA platform integration)
2025-10-27T20:11:51.030-03:00  INFO 14276 --- [HolaMundo] [restartedMain] j.LocalContainerEntityManagerFactoryBean : Initialized JPA EntityManagerFactory for persistence unit 'default'
2025-10-27T20:11:51.385-03:00  WARN 14276 --- [HolaMundo] [restartedMain] JpaBaseConfiguration$JpaWebConfiguration : spring.jpa.open-in-view is enabled by default. Therefore, database queries may be performed during view rendering. Explicitly configure spring.jpa.open-in-view to disable this warning
2025-10-27T20:11:51.667-03:00 DEBUG 14276 --- [HolaMundo] [restartedMain] s.w.s.m.m.a.RequestMappingHandlerMapping : 12 mappings in 'requestMappingHandlerMapping'
2025-10-27T20:11:51.912-03:00 DEBUG 14276 --- [HolaMundo] [restartedMain] o.s.w.s.handler.SimpleUrlHandlerMapping  : Patterns [/webjars/**, /**] in 'resourceHandlerMapping'
2025-10-27T20:11:51.973-03:00 DEBUG 14276 --- [HolaMundo] [restartedMain] s.w.s.m.m.a.RequestMappingHandlerAdapter : ControllerAdvice beans: 0 @ModelAttribute, 0 @InitBinder, 1 RequestBodyAdvice, 1 ResponseBodyAdvice
2025-10-27T20:11:52.131-03:00 DEBUG 14276 --- [HolaMundo] [restartedMain] .m.m.a.ExceptionHandlerExceptionResolver : ControllerAdvice beans: 0 @ExceptionHandler, 1 ResponseBodyAdvice
2025-10-27T20:11:52.508-03:00  INFO 14276 --- [HolaMundo] [restartedMain] o.s.b.d.a.OptionalLiveReloadServer       : LiveReload server is running on port 35729
2025-10-27T20:11:52.688-03:00  INFO 14276 --- [HolaMundo] [restartedMain] o.s.b.w.embedded.tomcat.TomcatWebServer  : Tomcat started on port 8080 (http) with context path '/'
2025-10-27T20:11:52.705-03:00  INFO 14276 --- [HolaMundo] [restartedMain] com.skillnest.web.HolaMundoApplication   : Started HolaMundoApplication in 10.238 seconds (process running for 12.438)
2025-10-27T20:12:24.583-03:00  INFO 14276 --- [HolaMundo] [http-nio-8080-exec-1] o.a.c.c.C.[Tomcat].[localhost].[/]       : Initializing Spring DispatcherServlet 'dispatcherServlet'
2025-10-27T20:12:24.583-03:00  INFO 14276 --- [HolaMundo] [http-nio-8080-exec-1] o.s.web.servlet.DispatcherServlet        : Initializing Servlet 'dispatcherServlet'
2025-10-27T20:12:24.614-03:00 DEBUG 14276 --- [HolaMundo] [http-nio-8080-exec-1] o.s.web.servlet.DispatcherServlet        : Detected StandardServletMultipartResolver
2025-10-27T20:12:24.615-03:00 DEBUG 14276 --- [HolaMundo] [http-nio-8080-exec-1] o.s.web.servlet.DispatcherServlet        : Detected AcceptHeaderLocaleResolver
2025-10-27T20:12:24.615-03:00 DEBUG 14276 --- [HolaMundo] [http-nio-8080-exec-1] o.s.web.servlet.DispatcherServlet        : Detected FixedThemeResolver
2025-10-27T20:12:24.622-03:00 DEBUG 14276 --- [HolaMundo] [http-nio-8080-exec-1] o.s.web.servlet.DispatcherServlet        : Detected org.springframework.web.servlet.view.DefaultRequestToViewNameTranslator@13c65f25
2025-10-27T20:12:24.627-03:00 DEBUG 14276 --- [HolaMundo] [http-nio-8080-exec-1] o.s.web.servlet.DispatcherServlet        : Detected org.springframework.web.servlet.support.SessionFlashMapManager@9283185
2025-10-27T20:12:24.632-03:00 DEBUG 14276 --- [HolaMundo] [http-nio-8080-exec-1] o.s.web.servlet.DispatcherServlet        : enableLoggingRequestDetails='false': request parameters and headers will be masked to prevent unsafe logging of potentially sensitive data
2025-10-27T20:12:24.637-03:00  INFO 14276 --- [HolaMundo] [http-nio-8080-exec-1] o.s.web.servlet.DispatcherServlet        : Completed initialization in 30 ms
2025-10-27T20:12:25.169-03:00 DEBUG 14276 --- [HolaMundo] [http-nio-8080-exec-1] o.s.web.servlet.DispatcherServlet        : GET "/HolaClase/", parameters={}
2025-10-27T20:12:25.622-03:00 DEBUG 14276 --- [HolaMundo] [http-nio-8080-exec-1] o.s.w.s.handler.SimpleUrlHandlerMapping  : Mapped to ResourceHttpRequestHandler [classpath [META-INF/resources/], classpath [resources/], classpath [static/], classpath [public/], ServletContext [/]]
2025-10-27T20:12:27.514-03:00 DEBUG 14276 --- [HolaMundo] [http-nio-8080-exec-1] o.s.w.s.r.ResourceHttpRequestHandler     : Resource not found
2025-10-27T20:12:27.532-03:00 DEBUG 14276 --- [HolaMundo] [http-nio-8080-exec-1] .w.s.m.s.DefaultHandlerExceptionResolver : Resolved [org.springframework.web.servlet.resource.NoResourceFoundException: No static resource HolaClase.]
2025-10-27T20:12:27.593-03:00 DEBUG 14276 --- [HolaMundo] [http-nio-8080-exec-1] o.s.web.servlet.DispatcherServlet        : Completed 404 NOT_FOUND
2025-10-27T20:12:27.686-03:00 DEBUG 14276 --- [HolaMundo] [http-nio-8080-exec-1] o.s.web.servlet.DispatcherServlet        : "ERROR" dispatch for GET "/error", parameters={}
2025-10-27T20:12:27.805-03:00 DEBUG 14276 --- [HolaMundo] [http-nio-8080-exec-1] s.w.s.m.m.a.RequestMappingHandlerMapping : Mapped to org.springframework.boot.autoconfigure.web.servlet.error.BasicErrorController#errorHtml(HttpServletRequest, HttpServletResponse)
2025-10-27T20:12:28.124-03:00 DEBUG 14276 --- [HolaMundo] [http-nio-8080-exec-1] o.s.w.s.v.ContentNegotiatingViewResolver : Selected 'text/html' given [text/html, text/html;q=0.8]
2025-10-27T20:12:28.138-03:00 DEBUG 14276 --- [HolaMundo] [http-nio-8080-exec-1] o.s.web.servlet.DispatcherServlet        : Exiting from "ERROR" dispatch, status 404
2025-10-27T20:13:00.821-03:00 DEBUG 14276 --- [HolaMundo] [http-nio-8080-exec-2] o.s.web.servlet.DispatcherServlet        : GET "/HolaClase/personas/crear", parameters={}
2025-10-27T20:13:00.822-03:00 DEBUG 14276 --- [HolaMundo] [http-nio-8080-exec-2] o.s.w.s.handler.SimpleUrlHandlerMapping  : Mapped to ResourceHttpRequestHandler [classpath [META-INF/resources/], classpath [resources/], classpath [static/], classpath [public/], ServletContext [/]]
2025-10-27T20:13:00.827-03:00 DEBUG 14276 --- [HolaMundo] [http-nio-8080-exec-2] o.s.w.s.r.ResourceHttpRequestHandler     : Resource not found
2025-10-27T20:13:00.830-03:00 DEBUG 14276 --- [HolaMundo] [http-nio-8080-exec-2] .w.s.m.s.DefaultHandlerExceptionResolver : Resolved [org.springframework.web.servlet.resource.NoResourceFoundException: No static resource HolaClase/personas/crear.]
2025-10-27T20:13:00.831-03:00 DEBUG 14276 --- [HolaMundo] [http-nio-8080-exec-2] o.s.web.servlet.DispatcherServlet        : Completed 404 NOT_FOUND
2025-10-27T20:13:00.833-03:00 DEBUG 14276 --- [HolaMundo] [http-nio-8080-exec-2] o.s.web.servlet.DispatcherServlet        : "ERROR" dispatch for GET "/error", parameters={}
2025-10-27T20:13:00.833-03:00 DEBUG 14276 --- [HolaMundo] [http-nio-8080-exec-2] s.w.s.m.m.a.RequestMappingHandlerMapping : Mapped to org.springframework.boot.autoconfigure.web.servlet.error.BasicErrorController#errorHtml(HttpServletRequest, HttpServletResponse)
2025-10-27T20:13:00.873-03:00 DEBUG 14276 --- [HolaMundo] [http-nio-8080-exec-2] o.s.w.s.v.ContentNegotiatingViewResolver : Selected 'text/html' given [text/html, text/html;q=0.8]
2025-10-27T20:13:00.883-03:00 DEBUG 14276 --- [HolaMundo] [http-nio-8080-exec-2] o.s.web.servlet.DispatcherServlet        : Exiting from "ERROR" dispatch, status 404
2025-10-27T20:13:23.425-03:00  INFO 14276 --- [HolaMundo] [File Watcher] rtingClassPathChangeChangedEventListener : Restarting due to 1 class path change (0 additions, 0 deletions, 1 modification)
2025-10-27T20:13:23.447-03:00  INFO 14276 --- [HolaMundo] [Thread-5] o.s.b.w.e.tomcat.GracefulShutdown        : Commencing graceful shutdown. Waiting for active requests to complete
2025-10-27T20:13:23.483-03:00  INFO 14276 --- [HolaMundo] [tomcat-shutdown] o.s.b.w.e.tomcat.GracefulShutdown        : Graceful shutdown complete
2025-10-27T20:13:23.496-03:00  INFO 14276 --- [HolaMundo] [Thread-5] j.LocalContainerEntityManagerFactoryBean : Closing JPA EntityManagerFactory for persistence unit 'default'
2025-10-27T20:13:23.501-03:00  INFO 14276 --- [HolaMundo] [Thread-5] com.zaxxer.hikari.HikariDataSource       : HikariPool-1 - Shutdown initiated...
2025-10-27T20:13:23.538-03:00  INFO 14276 --- [HolaMundo] [Thread-5] com.zaxxer.hikari.HikariDataSource       : HikariPool-1 - Shutdown completed.
2025-10-27T20:13:34.582-03:00  INFO 14276 --- [HolaMundo] [restartedMain] com.skillnest.web.HolaMundoApplication   : Starting HolaMundoApplication using Java 21.0.7 with PID 14276 (C:\skillnest\W_STS\HolaMundo\target\classes started by Usuario in C:\skillnest\W_STS\HolaMundo)
2025-10-27T20:13:34.586-03:00  INFO 14276 --- [HolaMundo] [restartedMain] com.skillnest.web.HolaMundoApplication   : No active profile set, falling back to 1 default profile: "default"
2025-10-27T20:13:35.608-03:00  INFO 14276 --- [HolaMundo] [restartedMain] .s.d.r.c.RepositoryConfigurationDelegate : Bootstrapping Spring Data JPA repositories in DEFAULT mode.
2025-10-27T20:13:35.631-03:00  INFO 14276 --- [HolaMundo] [restartedMain] .s.d.r.c.RepositoryConfigurationDelegate : Finished Spring Data repository scanning in 19 ms. Found 0 JPA repository interfaces.
2025-10-27T20:13:36.150-03:00  INFO 14276 --- [HolaMundo] [restartedMain] o.s.b.w.embedded.tomcat.TomcatWebServer  : Tomcat initialized with port 8080 (http)
2025-10-27T20:13:36.154-03:00  INFO 14276 --- [HolaMundo] [restartedMain] o.apache.catalina.core.StandardService   : Starting service [Tomcat]
2025-10-27T20:13:36.156-03:00  INFO 14276 --- [HolaMundo] [restartedMain] o.apache.catalina.core.StandardEngine    : Starting Servlet engine: [Apache Tomcat/10.1.46]
2025-10-27T20:13:36.451-03:00  INFO 14276 --- [HolaMundo] [restartedMain] org.apache.jasper.servlet.TldScanner     : At least one JAR was scanned for TLDs yet contained no TLDs. Enable debug logging for this logger for a complete list of JARs that were scanned but no TLDs were found in them. Skipping unneeded JARs during scanning can improve startup time and JSP compilation time.
2025-10-27T20:13:36.474-03:00  INFO 14276 --- [HolaMundo] [restartedMain] o.a.c.c.C.[Tomcat].[localhost].[/]       : Initializing Spring embedded WebApplicationContext
2025-10-27T20:13:36.475-03:00  INFO 14276 --- [HolaMundo] [restartedMain] w.s.c.ServletWebServerApplicationContext : Root WebApplicationContext: initialization completed in 1875 ms
2025-10-27T20:13:36.550-03:00  INFO 14276 --- [HolaMundo] [restartedMain] o.hibernate.jpa.internal.util.LogHelper  : HHH000204: Processing PersistenceUnitInfo [name: default]
2025-10-27T20:13:36.565-03:00  INFO 14276 --- [HolaMundo] [restartedMain] o.h.c.internal.RegionFactoryInitiator    : HHH000026: Second-level cache disabled
2025-10-27T20:13:36.622-03:00  INFO 14276 --- [HolaMundo] [restartedMain] o.s.o.j.p.SpringPersistenceUnitInfo      : No LoadTimeWeaver setup: ignoring JPA class transformer
2025-10-27T20:13:36.624-03:00  INFO 14276 --- [HolaMundo] [restartedMain] com.zaxxer.hikari.HikariDataSource       : HikariPool-2 - Starting...
2025-10-27T20:13:36.636-03:00  INFO 14276 --- [HolaMundo] [restartedMain] com.zaxxer.hikari.pool.HikariPool        : HikariPool-2 - Added connection com.mysql.cj.jdbc.ConnectionImpl@1719680d
2025-10-27T20:13:36.637-03:00  INFO 14276 --- [HolaMundo] [restartedMain] com.zaxxer.hikari.HikariDataSource       : HikariPool-2 - Start completed.
2025-10-27T20:13:36.640-03:00  INFO 14276 --- [HolaMundo] [restartedMain] org.hibernate.orm.connections.pooling    : HHH10001005: Database info:
	Database JDBC URL [Connecting through datasource 'HikariDataSource (HikariPool-2)']
	Database driver: undefined/unknown
	Database version: 8.0.42
	Autocommit mode: undefined/unknown
	Isolation level: undefined/unknown
	Minimum pool size: undefined/unknown
	Maximum pool size: undefined/unknown
2025-10-27T20:13:36.669-03:00  INFO 14276 --- [HolaMundo] [restartedMain] o.h.e.t.j.p.i.JtaPlatformInitiator       : HHH000489: No JTA platform available (set 'hibernate.transaction.jta.platform' to enable JTA platform integration)
2025-10-27T20:13:36.669-03:00  INFO 14276 --- [HolaMundo] [restartedMain] j.LocalContainerEntityManagerFactoryBean : Initialized JPA EntityManagerFactory for persistence unit 'default'
2025-10-27T20:13:36.791-03:00  WARN 14276 --- [HolaMundo] [restartedMain] JpaBaseConfiguration$JpaWebConfiguration : spring.jpa.open-in-view is enabled by default. Therefore, database queries may be performed during view rendering. Explicitly configure spring.jpa.open-in-view to disable this warning
2025-10-27T20:13:36.909-03:00 DEBUG 14276 --- [HolaMundo] [restartedMain] s.w.s.m.m.a.RequestMappingHandlerMapping : 12 mappings in 'requestMappingHandlerMapping'
2025-10-27T20:13:37.033-03:00 DEBUG 14276 --- [HolaMundo] [restartedMain] o.s.w.s.handler.SimpleUrlHandlerMapping  : Patterns [/webjars/**, /**] in 'resourceHandlerMapping'
2025-10-27T20:13:37.047-03:00 DEBUG 14276 --- [HolaMundo] [restartedMain] s.w.s.m.m.a.RequestMappingHandlerAdapter : ControllerAdvice beans: 0 @ModelAttribute, 0 @InitBinder, 1 RequestBodyAdvice, 1 ResponseBodyAdvice
2025-10-27T20:13:37.068-03:00 DEBUG 14276 --- [HolaMundo] [restartedMain] .m.m.a.ExceptionHandlerExceptionResolver : ControllerAdvice beans: 0 @ExceptionHandler, 1 ResponseBodyAdvice
2025-10-27T20:13:37.255-03:00  INFO 14276 --- [HolaMundo] [restartedMain] o.s.b.d.a.OptionalLiveReloadServer       : LiveReload server is running on port 35729
2025-10-27T20:13:37.278-03:00  INFO 14276 --- [HolaMundo] [restartedMain] o.s.b.w.embedded.tomcat.TomcatWebServer  : Tomcat started on port 8080 (http) with context path '/'
2025-10-27T20:13:37.288-03:00  INFO 14276 --- [HolaMundo] [restartedMain] com.skillnest.web.HolaMundoApplication   : Started HolaMundoApplication in 2.793 seconds (process running for 117.017)
2025-10-27T20:13:37.322-03:00  INFO 14276 --- [HolaMundo] [restartedMain] .ConditionEvaluationDeltaLoggingListener : Condition evaluation unchanged
2025-10-27T20:14:06.435-03:00  INFO 14276 --- [HolaMundo] [http-nio-8080-exec-2] o.a.c.c.C.[Tomcat].[localhost].[/]       : Initializing Spring DispatcherServlet 'dispatcherServlet'
2025-10-27T20:14:06.435-03:00  INFO 14276 --- [HolaMundo] [http-nio-8080-exec-2] o.s.web.servlet.DispatcherServlet        : Initializing Servlet 'dispatcherServlet'
2025-10-27T20:14:06.435-03:00 DEBUG 14276 --- [HolaMundo] [http-nio-8080-exec-2] o.s.web.servlet.DispatcherServlet        : Detected StandardServletMultipartResolver
2025-10-27T20:14:06.435-03:00 DEBUG 14276 --- [HolaMundo] [http-nio-8080-exec-2] o.s.web.servlet.DispatcherServlet        : Detected AcceptHeaderLocaleResolver
2025-10-27T20:14:06.435-03:00 DEBUG 14276 --- [HolaMundo] [http-nio-8080-exec-2] o.s.web.servlet.DispatcherServlet        : Detected FixedThemeResolver
2025-10-27T20:14:06.437-03:00 DEBUG 14276 --- [HolaMundo] [http-nio-8080-exec-2] o.s.web.servlet.DispatcherServlet        : Detected org.springframework.web.servlet.view.DefaultRequestToViewNameTranslator@165f75ee
2025-10-27T20:14:06.438-03:00 DEBUG 14276 --- [HolaMundo] [http-nio-8080-exec-2] o.s.web.servlet.DispatcherServlet        : Detected org.springframework.web.servlet.support.SessionFlashMapManager@78197bc9
2025-10-27T20:14:06.439-03:00 DEBUG 14276 --- [HolaMundo] [http-nio-8080-exec-2] o.s.web.servlet.DispatcherServlet        : enableLoggingRequestDetails='false': request parameters and headers will be masked to prevent unsafe logging of potentially sensitive data
2025-10-27T20:14:06.439-03:00  INFO 14276 --- [HolaMundo] [http-nio-8080-exec-2] o.s.web.servlet.DispatcherServlet        : Completed initialization in 4 ms
2025-10-27T20:14:06.440-03:00 DEBUG 14276 --- [HolaMundo] [http-nio-8080-exec-2] o.s.web.servlet.DispatcherServlet        : GET "/HolaClase/personas/crear", parameters={}
2025-10-27T20:14:06.441-03:00 DEBUG 14276 --- [HolaMundo] [http-nio-8080-exec-2] o.s.w.s.handler.SimpleUrlHandlerMapping  : Mapped to ResourceHttpRequestHandler [classpath [META-INF/resources/], classpath [resources/], classpath [static/], classpath [public/], ServletContext [/]]
2025-10-27T20:14:06.447-03:00 DEBUG 14276 --- [HolaMundo] [http-nio-8080-exec-2] o.s.w.s.r.ResourceHttpRequestHandler     : Resource not found
2025-10-27T20:14:06.447-03:00 DEBUG 14276 --- [HolaMundo] [http-nio-8080-exec-2] .w.s.m.s.DefaultHandlerExceptionResolver : Resolved [org.springframework.web.servlet.resource.NoResourceFoundException: No static resource HolaClase/personas/crear.]
2025-10-27T20:14:06.448-03:00 DEBUG 14276 --- [HolaMundo] [http-nio-8080-exec-2] o.s.web.servlet.DispatcherServlet        : Completed 404 NOT_FOUND
2025-10-27T20:14:06.450-03:00 DEBUG 14276 --- [HolaMundo] [http-nio-8080-exec-2] o.s.web.servlet.DispatcherServlet        : "ERROR" dispatch for GET "/error", parameters={}
2025-10-27T20:14:06.452-03:00 DEBUG 14276 --- [HolaMundo] [http-nio-8080-exec-2] s.w.s.m.m.a.RequestMappingHandlerMapping : Mapped to org.springframework.boot.autoconfigure.web.servlet.error.BasicErrorController#errorHtml(HttpServletRequest, HttpServletResponse)
2025-10-27T20:14:06.505-03:00 DEBUG 14276 --- [HolaMundo] [http-nio-8080-exec-2] o.s.w.s.v.ContentNegotiatingViewResolver : Selected 'text/html' given [text/html, text/html;q=0.8]
2025-10-27T20:14:06.508-03:00 DEBUG 14276 --- [HolaMundo] [http-nio-8080-exec-2] o.s.web.servlet.DispatcherServlet        : Exiting from "ERROR" dispatch, status 404
2025-10-27T20:14:20.893-03:00  INFO 14276 --- [HolaMundo] [File Watcher] rtingClassPathChangeChangedEventListener : Restarting due to 1 class path change (0 additions, 0 deletions, 1 modification)
2025-10-27T20:14:20.895-03:00  INFO 14276 --- [HolaMundo] [Thread-7] o.s.b.w.e.tomcat.GracefulShutdown        : Commencing graceful shutdown. Waiting for active requests to complete
2025-10-27T20:14:20.905-03:00  INFO 14276 --- [HolaMundo] [tomcat-shutdown] o.s.b.w.e.tomcat.GracefulShutdown        : Graceful shutdown complete
2025-10-27T20:14:20.911-03:00  INFO 14276 --- [HolaMundo] [Thread-7] j.LocalContainerEntityManagerFactoryBean : Closing JPA EntityManagerFactory for persistence unit 'default'
2025-10-27T20:14:20.911-03:00  INFO 14276 --- [HolaMundo] [Thread-7] com.zaxxer.hikari.HikariDataSource       : HikariPool-2 - Shutdown initiated...
2025-10-27T20:14:20.915-03:00  INFO 14276 --- [HolaMundo] [Thread-7] com.zaxxer.hikari.HikariDataSource       : HikariPool-2 - Shutdown completed.
2025-10-27T20:14:21.151-03:00  INFO 14276 --- [HolaMundo] [restartedMain] com.skillnest.web.HolaMundoApplication   : Starting HolaMundoApplication using Java 21.0.7 with PID 14276 (C:\skillnest\W_STS\HolaMundo\target\classes started by Usuario in C:\skillnest\W_STS\HolaMundo)
2025-10-27T20:14:21.152-03:00  INFO 14276 --- [HolaMundo] [restartedMain] com.skillnest.web.HolaMundoApplication   : No active profile set, falling back to 1 default profile: "default"
2025-10-27T20:14:22.152-03:00  INFO 14276 --- [HolaMundo] [restartedMain] .s.d.r.c.RepositoryConfigurationDelegate : Bootstrapping Spring Data JPA repositories in DEFAULT mode.
2025-10-27T20:14:22.172-03:00  INFO 14276 --- [HolaMundo] [restartedMain] .s.d.r.c.RepositoryConfigurationDelegate : Finished Spring Data repository scanning in 10 ms. Found 0 JPA repository interfaces.
2025-10-27T20:14:22.642-03:00  INFO 14276 --- [HolaMundo] [restartedMain] o.s.b.w.embedded.tomcat.TomcatWebServer  : Tomcat initialized with port 8080 (http)
2025-10-27T20:14:22.645-03:00  INFO 14276 --- [HolaMundo] [restartedMain] o.apache.catalina.core.StandardService   : Starting service [Tomcat]
2025-10-27T20:14:22.645-03:00  INFO 14276 --- [HolaMundo] [restartedMain] o.apache.catalina.core.StandardEngine    : Starting Servlet engine: [Apache Tomcat/10.1.46]
2025-10-27T20:14:23.006-03:00  INFO 14276 --- [HolaMundo] [restartedMain] org.apache.jasper.servlet.TldScanner     : At least one JAR was scanned for TLDs yet contained no TLDs. Enable debug logging for this logger for a complete list of JARs that were scanned but no TLDs were found in them. Skipping unneeded JARs during scanning can improve startup time and JSP compilation time.
2025-10-27T20:14:23.034-03:00  INFO 14276 --- [HolaMundo] [restartedMain] o.a.c.c.C.[Tomcat].[localhost].[/]       : Initializing Spring embedded WebApplicationContext
2025-10-27T20:14:23.035-03:00  INFO 14276 --- [HolaMundo] [restartedMain] w.s.c.ServletWebServerApplicationContext : Root WebApplicationContext: initialization completed in 1866 ms
2025-10-27T20:14:23.229-03:00  INFO 14276 --- [HolaMundo] [restartedMain] o.hibernate.jpa.internal.util.LogHelper  : HHH000204: Processing PersistenceUnitInfo [name: default]
2025-10-27T20:14:23.309-03:00  INFO 14276 --- [HolaMundo] [restartedMain] o.h.c.internal.RegionFactoryInitiator    : HHH000026: Second-level cache disabled
2025-10-27T20:14:23.371-03:00  INFO 14276 --- [HolaMundo] [restartedMain] o.s.o.j.p.SpringPersistenceUnitInfo      : No LoadTimeWeaver setup: ignoring JPA class transformer
2025-10-27T20:14:23.376-03:00  INFO 14276 --- [HolaMundo] [restartedMain] com.zaxxer.hikari.HikariDataSource       : HikariPool-3 - Starting...
2025-10-27T20:14:23.437-03:00  INFO 14276 --- [HolaMundo] [restartedMain] com.zaxxer.hikari.pool.HikariPool        : HikariPool-3 - Added connection com.mysql.cj.jdbc.ConnectionImpl@4cbc5ae4
2025-10-27T20:14:23.438-03:00  INFO 14276 --- [HolaMundo] [restartedMain] com.zaxxer.hikari.HikariDataSource       : HikariPool-3 - Start completed.
2025-10-27T20:14:23.440-03:00  INFO 14276 --- [HolaMundo] [restartedMain] org.hibernate.orm.connections.pooling    : HHH10001005: Database info:
	Database JDBC URL [Connecting through datasource 'HikariDataSource (HikariPool-3)']
	Database driver: undefined/unknown
	Database version: 8.0.42
	Autocommit mode: undefined/unknown
	Isolation level: undefined/unknown
	Minimum pool size: undefined/unknown
	Maximum pool size: undefined/unknown
2025-10-27T20:14:23.483-03:00  INFO 14276 --- [HolaMundo] [restartedMain] o.h.e.t.j.p.i.JtaPlatformInitiator       : HHH000489: No JTA platform available (set 'hibernate.transaction.jta.platform' to enable JTA platform integration)
2025-10-27T20:14:23.484-03:00  INFO 14276 --- [HolaMundo] [restartedMain] j.LocalContainerEntityManagerFactoryBean : Initialized JPA EntityManagerFactory for persistence unit 'default'
2025-10-27T20:14:23.711-03:00  WARN 14276 --- [HolaMundo] [restartedMain] JpaBaseConfiguration$JpaWebConfiguration : spring.jpa.open-in-view is enabled by default. Therefore, database queries may be performed during view rendering. Explicitly configure spring.jpa.open-in-view to disable this warning
2025-10-27T20:14:23.821-03:00 DEBUG 14276 --- [HolaMundo] [restartedMain] s.w.s.m.m.a.RequestMappingHandlerMapping : 12 mappings in 'requestMappingHandlerMapping'
2025-10-27T20:14:23.941-03:00 DEBUG 14276 --- [HolaMundo] [restartedMain] o.s.w.s.handler.SimpleUrlHandlerMapping  : Patterns [/webjars/**, /**] in 'resourceHandlerMapping'
2025-10-27T20:14:23.961-03:00 DEBUG 14276 --- [HolaMundo] [restartedMain] s.w.s.m.m.a.RequestMappingHandlerAdapter : ControllerAdvice beans: 0 @ModelAttribute, 0 @InitBinder, 1 RequestBodyAdvice, 1 ResponseBodyAdvice
2025-10-27T20:14:23.997-03:00 DEBUG 14276 --- [HolaMundo] [restartedMain] .m.m.a.ExceptionHandlerExceptionResolver : ControllerAdvice beans: 0 @ExceptionHandler, 1 ResponseBodyAdvice
2025-10-27T20:14:24.401-03:00  INFO 14276 --- [HolaMundo] [restartedMain] o.s.b.d.a.OptionalLiveReloadServer       : LiveReload server is running on port 35729
2025-10-27T20:14:24.459-03:00  INFO 14276 --- [HolaMundo] [restartedMain] o.s.b.w.embedded.tomcat.TomcatWebServer  : Tomcat started on port 8080 (http) with context path '/'
2025-10-27T20:14:24.469-03:00  INFO 14276 --- [HolaMundo] [restartedMain] com.skillnest.web.HolaMundoApplication   : Started HolaMundoApplication in 3.427 seconds (process running for 164.201)
2025-10-27T20:14:24.474-03:00  INFO 14276 --- [HolaMundo] [restartedMain] .ConditionEvaluationDeltaLoggingListener : Condition evaluation unchanged
2025-10-27T20:14:52.608-03:00  INFO 14276 --- [HolaMundo] [File Watcher] rtingClassPathChangeChangedEventListener : Restarting due to 1 class path change (0 additions, 0 deletions, 1 modification)
2025-10-27T20:14:52.618-03:00  INFO 14276 --- [HolaMundo] [Thread-13] o.s.b.w.e.tomcat.GracefulShutdown        : Commencing graceful shutdown. Waiting for active requests to complete
2025-10-27T20:14:52.630-03:00  INFO 14276 --- [HolaMundo] [tomcat-shutdown] o.s.b.w.e.tomcat.GracefulShutdown        : Graceful shutdown complete
2025-10-27T20:14:52.632-03:00  INFO 14276 --- [HolaMundo] [Thread-13] j.LocalContainerEntityManagerFactoryBean : Closing JPA EntityManagerFactory for persistence unit 'default'
2025-10-27T20:14:52.633-03:00  INFO 14276 --- [HolaMundo] [Thread-13] com.zaxxer.hikari.HikariDataSource       : HikariPool-3 - Shutdown initiated...
2025-10-27T20:14:52.645-03:00  INFO 14276 --- [HolaMundo] [Thread-13] com.zaxxer.hikari.HikariDataSource       : HikariPool-3 - Shutdown completed.
2025-10-27T20:14:52.911-03:00  INFO 14276 --- [HolaMundo] [restartedMain] com.skillnest.web.HolaMundoApplication   : Starting HolaMundoApplication using Java 21.0.7 with PID 14276 (C:\skillnest\W_STS\HolaMundo\target\classes started by Usuario in C:\skillnest\W_STS\HolaMundo)
2025-10-27T20:14:52.911-03:00  INFO 14276 --- [HolaMundo] [restartedMain] com.skillnest.web.HolaMundoApplication   : No active profile set, falling back to 1 default profile: "default"
2025-10-27T20:14:53.825-03:00  INFO 14276 --- [HolaMundo] [restartedMain] .s.d.r.c.RepositoryConfigurationDelegate : Bootstrapping Spring Data JPA repositories in DEFAULT mode.
2025-10-27T20:14:53.839-03:00  INFO 14276 --- [HolaMundo] [restartedMain] .s.d.r.c.RepositoryConfigurationDelegate : Finished Spring Data repository scanning in 11 ms. Found 0 JPA repository interfaces.
2025-10-27T20:14:54.255-03:00  INFO 14276 --- [HolaMundo] [restartedMain] o.s.b.w.embedded.tomcat.TomcatWebServer  : Tomcat initialized with port 8080 (http)
2025-10-27T20:14:54.259-03:00  INFO 14276 --- [HolaMundo] [restartedMain] o.apache.catalina.core.StandardService   : Starting service [Tomcat]
2025-10-27T20:14:54.260-03:00  INFO 14276 --- [HolaMundo] [restartedMain] o.apache.catalina.core.StandardEngine    : Starting Servlet engine: [Apache Tomcat/10.1.46]
2025-10-27T20:14:54.625-03:00  INFO 14276 --- [HolaMundo] [restartedMain] org.apache.jasper.servlet.TldScanner     : At least one JAR was scanned for TLDs yet contained no TLDs. Enable debug logging for this logger for a complete list of JARs that were scanned but no TLDs were found in them. Skipping unneeded JARs during scanning can improve startup time and JSP compilation time.
2025-10-27T20:14:54.635-03:00  INFO 14276 --- [HolaMundo] [restartedMain] o.a.c.c.C.[Tomcat].[localhost].[/]       : Initializing Spring embedded WebApplicationContext
2025-10-27T20:14:54.635-03:00  INFO 14276 --- [HolaMundo] [restartedMain] w.s.c.ServletWebServerApplicationContext : Root WebApplicationContext: initialization completed in 1719 ms
2025-10-27T20:14:54.760-03:00  INFO 14276 --- [HolaMundo] [restartedMain] o.hibernate.jpa.internal.util.LogHelper  : HHH000204: Processing PersistenceUnitInfo [name: default]
2025-10-27T20:14:54.774-03:00  INFO 14276 --- [HolaMundo] [restartedMain] o.h.c.internal.RegionFactoryInitiator    : HHH000026: Second-level cache disabled
2025-10-27T20:14:54.835-03:00  INFO 14276 --- [HolaMundo] [restartedMain] o.s.o.j.p.SpringPersistenceUnitInfo      : No LoadTimeWeaver setup: ignoring JPA class transformer
2025-10-27T20:14:54.836-03:00  INFO 14276 --- [HolaMundo] [restartedMain] com.zaxxer.hikari.HikariDataSource       : HikariPool-4 - Starting...
2025-10-27T20:14:54.863-03:00  INFO 14276 --- [HolaMundo] [restartedMain] com.zaxxer.hikari.pool.HikariPool        : HikariPool-4 - Added connection com.mysql.cj.jdbc.ConnectionImpl@7563f826
2025-10-27T20:14:54.863-03:00  INFO 14276 --- [HolaMundo] [restartedMain] com.zaxxer.hikari.HikariDataSource       : HikariPool-4 - Start completed.
2025-10-27T20:14:54.866-03:00  INFO 14276 --- [HolaMundo] [restartedMain] org.hibernate.orm.connections.pooling    : HHH10001005: Database info:
	Database JDBC URL [Connecting through datasource 'HikariDataSource (HikariPool-4)']
	Database driver: undefined/unknown
	Database version: 8.0.42
	Autocommit mode: undefined/unknown
	Isolation level: undefined/unknown
	Minimum pool size: undefined/unknown
	Maximum pool size: undefined/unknown
2025-10-27T20:14:54.901-03:00  INFO 14276 --- [HolaMundo] [restartedMain] o.h.e.t.j.p.i.JtaPlatformInitiator       : HHH000489: No JTA platform available (set 'hibernate.transaction.jta.platform' to enable JTA platform integration)
2025-10-27T20:14:54.901-03:00  INFO 14276 --- [HolaMundo] [restartedMain] j.LocalContainerEntityManagerFactoryBean : Initialized JPA EntityManagerFactory for persistence unit 'default'
2025-10-27T20:14:55.096-03:00  WARN 14276 --- [HolaMundo] [restartedMain] JpaBaseConfiguration$JpaWebConfiguration : spring.jpa.open-in-view is enabled by default. Therefore, database queries may be performed during view rendering. Explicitly configure spring.jpa.open-in-view to disable this warning
2025-10-27T20:14:55.220-03:00 DEBUG 14276 --- [HolaMundo] [restartedMain] s.w.s.m.m.a.RequestMappingHandlerMapping : 11 mappings in 'requestMappingHandlerMapping'
2025-10-27T20:14:55.376-03:00 DEBUG 14276 --- [HolaMundo] [restartedMain] o.s.w.s.handler.SimpleUrlHandlerMapping  : Patterns [/webjars/**, /**] in 'resourceHandlerMapping'
2025-10-27T20:14:55.387-03:00 DEBUG 14276 --- [HolaMundo] [restartedMain] s.w.s.m.m.a.RequestMappingHandlerAdapter : ControllerAdvice beans: 0 @ModelAttribute, 0 @InitBinder, 1 RequestBodyAdvice, 1 ResponseBodyAdvice
2025-10-27T20:14:55.432-03:00 DEBUG 14276 --- [HolaMundo] [restartedMain] .m.m.a.ExceptionHandlerExceptionResolver : ControllerAdvice beans: 0 @ExceptionHandler, 1 ResponseBodyAdvice
2025-10-27T20:14:55.612-03:00  INFO 14276 --- [HolaMundo] [restartedMain] o.s.b.d.a.OptionalLiveReloadServer       : LiveReload server is running on port 35729
2025-10-27T20:14:55.645-03:00  INFO 14276 --- [HolaMundo] [restartedMain] o.s.b.w.embedded.tomcat.TomcatWebServer  : Tomcat started on port 8080 (http) with context path '/'
2025-10-27T20:14:55.663-03:00  INFO 14276 --- [HolaMundo] [restartedMain] com.skillnest.web.HolaMundoApplication   : Started HolaMundoApplication in 2.848 seconds (process running for 195.395)
2025-10-27T20:14:55.677-03:00  INFO 14276 --- [HolaMundo] [restartedMain] .ConditionEvaluationDeltaLoggingListener : Condition evaluation unchanged
2025-10-27T20:15:28.344-03:00  INFO 14276 --- [HolaMundo] [http-nio-8080-exec-1] o.a.c.c.C.[Tomcat].[localhost].[/]       : Initializing Spring DispatcherServlet 'dispatcherServlet'
2025-10-27T20:15:28.347-03:00  INFO 14276 --- [HolaMundo] [http-nio-8080-exec-1] o.s.web.servlet.DispatcherServlet        : Initializing Servlet 'dispatcherServlet'
2025-10-27T20:15:28.348-03:00 DEBUG 14276 --- [HolaMundo] [http-nio-8080-exec-1] o.s.web.servlet.DispatcherServlet        : Detected StandardServletMultipartResolver
2025-10-27T20:15:28.349-03:00 DEBUG 14276 --- [HolaMundo] [http-nio-8080-exec-1] o.s.web.servlet.DispatcherServlet        : Detected AcceptHeaderLocaleResolver
2025-10-27T20:15:28.349-03:00 DEBUG 14276 --- [HolaMundo] [http-nio-8080-exec-1] o.s.web.servlet.DispatcherServlet        : Detected FixedThemeResolver
2025-10-27T20:15:28.350-03:00 DEBUG 14276 --- [HolaMundo] [http-nio-8080-exec-1] o.s.web.servlet.DispatcherServlet        : Detected org.springframework.web.servlet.view.DefaultRequestToViewNameTranslator@5f38916c
2025-10-27T20:15:28.351-03:00 DEBUG 14276 --- [HolaMundo] [http-nio-8080-exec-1] o.s.web.servlet.DispatcherServlet        : Detected org.springframework.web.servlet.support.SessionFlashMapManager@6d13d877
2025-10-27T20:15:28.351-03:00 DEBUG 14276 --- [HolaMundo] [http-nio-8080-exec-1] o.s.web.servlet.DispatcherServlet        : enableLoggingRequestDetails='false': request parameters and headers will be masked to prevent unsafe logging of potentially sensitive data
2025-10-27T20:15:28.351-03:00  INFO 14276 --- [HolaMundo] [http-nio-8080-exec-1] o.s.web.servlet.DispatcherServlet        : Completed initialization in 3 ms
2025-10-27T20:15:28.353-03:00 DEBUG 14276 --- [HolaMundo] [http-nio-8080-exec-1] o.s.web.servlet.DispatcherServlet        : GET "/HolaClase/", parameters={}
2025-10-27T20:15:28.356-03:00 DEBUG 14276 --- [HolaMundo] [http-nio-8080-exec-1] o.s.w.s.handler.SimpleUrlHandlerMapping  : Mapped to ResourceHttpRequestHandler [classpath [META-INF/resources/], classpath [resources/], classpath [static/], classpath [public/], ServletContext [/]]
2025-10-27T20:15:28.373-03:00 DEBUG 14276 --- [HolaMundo] [http-nio-8080-exec-1] o.s.w.s.r.ResourceHttpRequestHandler     : Resource not found
2025-10-27T20:15:28.375-03:00 DEBUG 14276 --- [HolaMundo] [http-nio-8080-exec-1] .w.s.m.s.DefaultHandlerExceptionResolver : Resolved [org.springframework.web.servlet.resource.NoResourceFoundException: No static resource HolaClase.]
2025-10-27T20:15:28.376-03:00 DEBUG 14276 --- [HolaMundo] [http-nio-8080-exec-1] o.s.web.servlet.DispatcherServlet        : Completed 404 NOT_FOUND
2025-10-27T20:15:28.377-03:00 DEBUG 14276 --- [HolaMundo] [http-nio-8080-exec-1] o.s.web.servlet.DispatcherServlet        : "ERROR" dispatch for GET "/error", parameters={}
2025-10-27T20:15:28.381-03:00 DEBUG 14276 --- [HolaMundo] [http-nio-8080-exec-1] s.w.s.m.m.a.RequestMappingHandlerMapping : Mapped to org.springframework.boot.autoconfigure.web.servlet.error.BasicErrorController#errorHtml(HttpServletRequest, HttpServletResponse)
2025-10-27T20:15:28.512-03:00 DEBUG 14276 --- [HolaMundo] [http-nio-8080-exec-1] o.s.w.s.v.ContentNegotiatingViewResolver : Selected 'text/html' given [text/html, text/html;q=0.8]
2025-10-27T20:15:28.516-03:00 DEBUG 14276 --- [HolaMundo] [http-nio-8080-exec-1] o.s.web.servlet.DispatcherServlet        : Exiting from "ERROR" dispatch, status 404
2025-10-27T20:15:46.086-03:00 DEBUG 14276 --- [HolaMundo] [http-nio-8080-exec-3] o.s.web.servlet.DispatcherServlet        : GET "/HolaMundo/", parameters={}
2025-10-27T20:15:46.087-03:00 DEBUG 14276 --- [HolaMundo] [http-nio-8080-exec-3] o.s.w.s.handler.SimpleUrlHandlerMapping  : Mapped to ResourceHttpRequestHandler [classpath [META-INF/resources/], classpath [resources/], classpath [static/], classpath [public/], ServletContext [/]]
2025-10-27T20:15:46.090-03:00 DEBUG 14276 --- [HolaMundo] [http-nio-8080-exec-3] o.s.w.s.r.ResourceHttpRequestHandler     : Resource not found
2025-10-27T20:15:46.091-03:00 DEBUG 14276 --- [HolaMundo] [http-nio-8080-exec-3] .w.s.m.s.DefaultHandlerExceptionResolver : Resolved [org.springframework.web.servlet.resource.NoResourceFoundException: No static resource HolaMundo.]
2025-10-27T20:15:46.091-03:00 DEBUG 14276 --- [HolaMundo] [http-nio-8080-exec-3] o.s.web.servlet.DispatcherServlet        : Completed 404 NOT_FOUND
2025-10-27T20:15:46.091-03:00 DEBUG 14276 --- [HolaMundo] [http-nio-8080-exec-3] o.s.web.servlet.DispatcherServlet        : "ERROR" dispatch for GET "/error", parameters={}
2025-10-27T20:15:46.092-03:00 DEBUG 14276 --- [HolaMundo] [http-nio-8080-exec-3] s.w.s.m.m.a.RequestMappingHandlerMapping : Mapped to org.springframework.boot.autoconfigure.web.servlet.error.BasicErrorController#errorHtml(HttpServletRequest, HttpServletResponse)
2025-10-27T20:15:46.107-03:00 DEBUG 14276 --- [HolaMundo] [http-nio-8080-exec-3] o.s.w.s.v.ContentNegotiatingViewResolver : Selected 'text/html' given [text/html, text/html;q=0.8]
2025-10-27T20:15:46.109-03:00 DEBUG 14276 --- [HolaMundo] [http-nio-8080-exec-3] o.s.web.servlet.DispatcherServlet        : Exiting from "ERROR" dispatch, status 404
2025-10-27T20:15:59.398-03:00 DEBUG 14276 --- [HolaMundo] [http-nio-8080-exec-4] o.s.web.servlet.DispatcherServlet        : GET "/", parameters={}
2025-10-27T20:15:59.398-03:00 DEBUG 14276 --- [HolaMundo] [http-nio-8080-exec-4] s.w.s.m.m.a.RequestMappingHandlerMapping : Mapped to com.skillnest.web.controllers.InicioController#mostrarInicio()
2025-10-27T20:15:59.404-03:00 DEBUG 14276 --- [HolaMundo] [http-nio-8080-exec-4] o.s.w.s.v.ContentNegotiatingViewResolver : Selected 'text/html' given [text/html, application/xhtml+xml, image/avif, image/webp, image/apng, application/xml;q=0.9, */*;q=0.8, application/signed-exchange;v=b3;q=0.7]
2025-10-27T20:15:59.412-03:00 DEBUG 14276 --- [HolaMundo] [http-nio-8080-exec-4] o.s.web.servlet.view.JstlView            : View name [inicio], model {}
2025-10-27T20:15:59.428-03:00 DEBUG 14276 --- [HolaMundo] [http-nio-8080-exec-4] o.s.web.servlet.view.JstlView            : Forwarding to [/WEB-INF/views/inicio.jsp]
2025-10-27T20:16:02.502-03:00 DEBUG 14276 --- [HolaMundo] [http-nio-8080-exec-4] o.s.web.servlet.DispatcherServlet        : Completed 200 OK
2025-10-27T20:17:00.011-03:00  INFO 14276 --- [HolaMundo] [File Watcher] rtingClassPathChangeChangedEventListener : Restarting due to 1 class path change (0 additions, 0 deletions, 1 modification)
2025-10-27T20:17:00.033-03:00  INFO 14276 --- [HolaMundo] [Thread-17] o.s.b.w.e.tomcat.GracefulShutdown        : Commencing graceful shutdown. Waiting for active requests to complete
2025-10-27T20:17:00.063-03:00  INFO 14276 --- [HolaMundo] [tomcat-shutdown] o.s.b.w.e.tomcat.GracefulShutdown        : Graceful shutdown complete
2025-10-27T20:17:00.070-03:00  INFO 14276 --- [HolaMundo] [Thread-17] j.LocalContainerEntityManagerFactoryBean : Closing JPA EntityManagerFactory for persistence unit 'default'
2025-10-27T20:17:00.070-03:00  INFO 14276 --- [HolaMundo] [Thread-17] com.zaxxer.hikari.HikariDataSource       : HikariPool-4 - Shutdown initiated...
2025-10-27T20:17:00.080-03:00  INFO 14276 --- [HolaMundo] [Thread-17] com.zaxxer.hikari.HikariDataSource       : HikariPool-4 - Shutdown completed.
2025-10-27T20:17:00.370-03:00  INFO 14276 --- [HolaMundo] [restartedMain] com.skillnest.web.HolaMundoApplication   : Starting HolaMundoApplication using Java 21.0.7 with PID 14276 (C:\skillnest\W_STS\HolaMundo\target\classes started by Usuario in C:\skillnest\W_STS\HolaMundo)
2025-10-27T20:17:00.370-03:00  INFO 14276 --- [HolaMundo] [restartedMain] com.skillnest.web.HolaMundoApplication   : No active profile set, falling back to 1 default profile: "default"
2025-10-27T20:17:01.251-03:00  INFO 14276 --- [HolaMundo] [restartedMain] .s.d.r.c.RepositoryConfigurationDelegate : Bootstrapping Spring Data JPA repositories in DEFAULT mode.
2025-10-27T20:17:01.267-03:00  INFO 14276 --- [HolaMundo] [restartedMain] .s.d.r.c.RepositoryConfigurationDelegate : Finished Spring Data repository scanning in 12 ms. Found 0 JPA repository interfaces.
2025-10-27T20:17:01.672-03:00  INFO 14276 --- [HolaMundo] [restartedMain] o.s.b.w.embedded.tomcat.TomcatWebServer  : Tomcat initialized with port 8080 (http)
2025-10-27T20:17:01.710-03:00  INFO 14276 --- [HolaMundo] [restartedMain] o.apache.catalina.core.StandardService   : Starting service [Tomcat]
2025-10-27T20:17:01.711-03:00  INFO 14276 --- [HolaMundo] [restartedMain] o.apache.catalina.core.StandardEngine    : Starting Servlet engine: [Apache Tomcat/10.1.46]
2025-10-27T20:17:02.098-03:00  INFO 14276 --- [HolaMundo] [restartedMain] org.apache.jasper.servlet.TldScanner     : At least one JAR was scanned for TLDs yet contained no TLDs. Enable debug logging for this logger for a complete list of JARs that were scanned but no TLDs were found in them. Skipping unneeded JARs during scanning can improve startup time and JSP compilation time.
2025-10-27T20:17:02.105-03:00  INFO 14276 --- [HolaMundo] [restartedMain] o.a.c.c.C.[Tomcat].[localhost].[/]       : Initializing Spring embedded WebApplicationContext
2025-10-27T20:17:02.105-03:00  INFO 14276 --- [HolaMundo] [restartedMain] w.s.c.ServletWebServerApplicationContext : Root WebApplicationContext: initialization completed in 1729 ms
2025-10-27T20:17:02.467-03:00  INFO 14276 --- [HolaMundo] [restartedMain] o.hibernate.jpa.internal.util.LogHelper  : HHH000204: Processing PersistenceUnitInfo [name: default]
2025-10-27T20:17:02.472-03:00  INFO 14276 --- [HolaMundo] [restartedMain] o.h.c.internal.RegionFactoryInitiator    : HHH000026: Second-level cache disabled
2025-10-27T20:17:02.501-03:00  INFO 14276 --- [HolaMundo] [restartedMain] o.s.o.j.p.SpringPersistenceUnitInfo      : No LoadTimeWeaver setup: ignoring JPA class transformer
2025-10-27T20:17:02.506-03:00  INFO 14276 --- [HolaMundo] [restartedMain] com.zaxxer.hikari.HikariDataSource       : HikariPool-5 - Starting...
2025-10-27T20:17:02.517-03:00  INFO 14276 --- [HolaMundo] [restartedMain] com.zaxxer.hikari.pool.HikariPool        : HikariPool-5 - Added connection com.mysql.cj.jdbc.ConnectionImpl@3697bf35
2025-10-27T20:17:02.518-03:00  INFO 14276 --- [HolaMundo] [restartedMain] com.zaxxer.hikari.HikariDataSource       : HikariPool-5 - Start completed.
2025-10-27T20:17:02.520-03:00  INFO 14276 --- [HolaMundo] [restartedMain] org.hibernate.orm.connections.pooling    : HHH10001005: Database info:
	Database JDBC URL [Connecting through datasource 'HikariDataSource (HikariPool-5)']
	Database driver: undefined/unknown
	Database version: 8.0.42
	Autocommit mode: undefined/unknown
	Isolation level: undefined/unknown
	Minimum pool size: undefined/unknown
	Maximum pool size: undefined/unknown
2025-10-27T20:17:02.613-03:00  INFO 14276 --- [HolaMundo] [restartedMain] o.h.e.t.j.p.i.JtaPlatformInitiator       : HHH000489: No JTA platform available (set 'hibernate.transaction.jta.platform' to enable JTA platform integration)
2025-10-27T20:17:02.614-03:00  INFO 14276 --- [HolaMundo] [restartedMain] j.LocalContainerEntityManagerFactoryBean : Initialized JPA EntityManagerFactory for persistence unit 'default'
2025-10-27T20:17:02.801-03:00  WARN 14276 --- [HolaMundo] [restartedMain] JpaBaseConfiguration$JpaWebConfiguration : spring.jpa.open-in-view is enabled by default. Therefore, database queries may be performed during view rendering. Explicitly configure spring.jpa.open-in-view to disable this warning
2025-10-27T20:17:02.984-03:00 DEBUG 14276 --- [HolaMundo] [restartedMain] s.w.s.m.m.a.RequestMappingHandlerMapping : 11 mappings in 'requestMappingHandlerMapping'
2025-10-27T20:17:03.242-03:00 DEBUG 14276 --- [HolaMundo] [restartedMain] o.s.w.s.handler.SimpleUrlHandlerMapping  : Patterns [/webjars/**, /**] in 'resourceHandlerMapping'
2025-10-27T20:17:03.291-03:00 DEBUG 14276 --- [HolaMundo] [restartedMain] s.w.s.m.m.a.RequestMappingHandlerAdapter : ControllerAdvice beans: 0 @ModelAttribute, 0 @InitBinder, 1 RequestBodyAdvice, 1 ResponseBodyAdvice
2025-10-27T20:17:03.316-03:00 DEBUG 14276 --- [HolaMundo] [restartedMain] .m.m.a.ExceptionHandlerExceptionResolver : ControllerAdvice beans: 0 @ExceptionHandler, 1 ResponseBodyAdvice
2025-10-27T20:17:03.474-03:00  INFO 14276 --- [HolaMundo] [restartedMain] o.s.b.d.a.OptionalLiveReloadServer       : LiveReload server is running on port 35729
2025-10-27T20:17:03.553-03:00  INFO 14276 --- [HolaMundo] [restartedMain] o.s.b.w.embedded.tomcat.TomcatWebServer  : Tomcat started on port 8080 (http) with context path '/'
2025-10-27T20:17:03.565-03:00  INFO 14276 --- [HolaMundo] [restartedMain] com.skillnest.web.HolaMundoApplication   : Started HolaMundoApplication in 3.324 seconds (process running for 323.297)
2025-10-27T20:17:03.571-03:00  INFO 14276 --- [HolaMundo] [restartedMain] .ConditionEvaluationDeltaLoggingListener : Condition evaluation unchanged
2025-10-27T20:17:12.819-03:00  INFO 14276 --- [HolaMundo] [http-nio-8080-exec-1] o.a.c.c.C.[Tomcat].[localhost].[/]       : Initializing Spring DispatcherServlet 'dispatcherServlet'
2025-10-27T20:17:12.819-03:00  INFO 14276 --- [HolaMundo] [http-nio-8080-exec-1] o.s.web.servlet.DispatcherServlet        : Initializing Servlet 'dispatcherServlet'
2025-10-27T20:17:12.819-03:00 DEBUG 14276 --- [HolaMundo] [http-nio-8080-exec-1] o.s.web.servlet.DispatcherServlet        : Detected StandardServletMultipartResolver
2025-10-27T20:17:12.819-03:00 DEBUG 14276 --- [HolaMundo] [http-nio-8080-exec-1] o.s.web.servlet.DispatcherServlet        : Detected AcceptHeaderLocaleResolver
2025-10-27T20:17:12.819-03:00 DEBUG 14276 --- [HolaMundo] [http-nio-8080-exec-1] o.s.web.servlet.DispatcherServlet        : Detected FixedThemeResolver
2025-10-27T20:17:12.820-03:00 DEBUG 14276 --- [HolaMundo] [http-nio-8080-exec-1] o.s.web.servlet.DispatcherServlet        : Detected org.springframework.web.servlet.view.DefaultRequestToViewNameTranslator@70130ab8
2025-10-27T20:17:12.821-03:00 DEBUG 14276 --- [HolaMundo] [http-nio-8080-exec-1] o.s.web.servlet.DispatcherServlet        : Detected org.springframework.web.servlet.support.SessionFlashMapManager@373329e6
2025-10-27T20:17:12.822-03:00 DEBUG 14276 --- [HolaMundo] [http-nio-8080-exec-1] o.s.web.servlet.DispatcherServlet        : enableLoggingRequestDetails='false': request parameters and headers will be masked to prevent unsafe logging of potentially sensitive data
2025-10-27T20:17:12.822-03:00  INFO 14276 --- [HolaMundo] [http-nio-8080-exec-1] o.s.web.servlet.DispatcherServlet        : Completed initialization in 3 ms
2025-10-27T20:17:12.822-03:00 DEBUG 14276 --- [HolaMundo] [http-nio-8080-exec-1] o.s.web.servlet.DispatcherServlet        : GET "/", parameters={}
2025-10-27T20:17:12.823-03:00 DEBUG 14276 --- [HolaMundo] [http-nio-8080-exec-1] s.w.s.m.m.a.RequestMappingHandlerMapping : Mapped to com.skillnest.web.controllers.InicioController#mostrarInicio()
2025-10-27T20:17:12.834-03:00 DEBUG 14276 --- [HolaMundo] [http-nio-8080-exec-1] o.s.w.s.v.ContentNegotiatingViewResolver : Selected 'text/html' given [text/html, application/xhtml+xml, image/avif, image/webp, image/apng, application/xml;q=0.9, */*;q=0.8, application/signed-exchange;v=b3;q=0.7]
2025-10-27T20:17:12.834-03:00 DEBUG 14276 --- [HolaMundo] [http-nio-8080-exec-1] o.s.web.servlet.view.JstlView            : View name [inicio], model {}
2025-10-27T20:17:12.837-03:00 DEBUG 14276 --- [HolaMundo] [http-nio-8080-exec-1] o.s.web.servlet.view.JstlView            : Forwarding to [/WEB-INF/views/inicio.jsp]
2025-10-27T20:17:13.575-03:00 DEBUG 14276 --- [HolaMundo] [http-nio-8080-exec-1] o.s.web.servlet.DispatcherServlet        : Completed 200 OK
2025-10-27T20:17:16.583-03:00 DEBUG 14276 --- [HolaMundo] [http-nio-8080-exec-2] o.s.web.servlet.DispatcherServlet        : GET "/personas/crear", parameters={}
2025-10-27T20:17:16.583-03:00 DEBUG 14276 --- [HolaMundo] [http-nio-8080-exec-2] s.w.s.m.m.a.RequestMappingHandlerMapping : Mapped to com.skillnest.web.controllers.PersonaController#mostrarFormulario()
2025-10-27T20:17:16.586-03:00 DEBUG 14276 --- [HolaMundo] [http-nio-8080-exec-2] o.s.w.s.v.ContentNegotiatingViewResolver : Selected 'text/html' given [text/html, application/xhtml+xml, image/avif, image/webp, image/apng, application/xml;q=0.9, */*;q=0.8, application/signed-exchange;v=b3;q=0.7]
2025-10-27T20:17:16.587-03:00 DEBUG 14276 --- [HolaMundo] [http-nio-8080-exec-2] o.s.web.servlet.view.JstlView            : View name [persona/crear], model {}
2025-10-27T20:17:16.587-03:00 DEBUG 14276 --- [HolaMundo] [http-nio-8080-exec-2] o.s.web.servlet.view.JstlView            : Forwarding to [/WEB-INF/views/persona/crear.jsp]
2025-10-27T20:17:16.589-03:00 DEBUG 14276 --- [HolaMundo] [http-nio-8080-exec-2] o.s.web.servlet.DispatcherServlet        : Completed 404 NOT_FOUND
2025-10-27T20:17:16.590-03:00 DEBUG 14276 --- [HolaMundo] [http-nio-8080-exec-2] o.s.web.servlet.DispatcherServlet        : "ERROR" dispatch for GET "/error", parameters={}
2025-10-27T20:17:16.594-03:00 DEBUG 14276 --- [HolaMundo] [http-nio-8080-exec-2] s.w.s.m.m.a.RequestMappingHandlerMapping : Mapped to org.springframework.boot.autoconfigure.web.servlet.error.BasicErrorController#errorHtml(HttpServletRequest, HttpServletResponse)
2025-10-27T20:17:16.614-03:00 DEBUG 14276 --- [HolaMundo] [http-nio-8080-exec-2] o.s.w.s.v.ContentNegotiatingViewResolver : Selected 'text/html' given [text/html, text/html;q=0.8]
2025-10-27T20:17:16.621-03:00 DEBUG 14276 --- [HolaMundo] [http-nio-8080-exec-2] o.s.web.servlet.DispatcherServlet        : Exiting from "ERROR" dispatch, status 404
2025-10-27T20:17:42.836-03:00  INFO 14276 --- [HolaMundo] [File Watcher] rtingClassPathChangeChangedEventListener : Restarting due to 1 class path change (0 additions, 0 deletions, 1 modification)
2025-10-27T20:17:42.839-03:00  INFO 14276 --- [HolaMundo] [Thread-21] o.s.b.w.e.tomcat.GracefulShutdown        : Commencing graceful shutdown. Waiting for active requests to complete
2025-10-27T20:17:42.854-03:00  INFO 14276 --- [HolaMundo] [tomcat-shutdown] o.s.b.w.e.tomcat.GracefulShutdown        : Graceful shutdown complete
2025-10-27T20:17:42.860-03:00  INFO 14276 --- [HolaMundo] [Thread-21] j.LocalContainerEntityManagerFactoryBean : Closing JPA EntityManagerFactory for persistence unit 'default'
2025-10-27T20:17:42.863-03:00  INFO 14276 --- [HolaMundo] [Thread-21] com.zaxxer.hikari.HikariDataSource       : HikariPool-5 - Shutdown initiated...
2025-10-27T20:17:42.876-03:00  INFO 14276 --- [HolaMundo] [Thread-21] com.zaxxer.hikari.HikariDataSource       : HikariPool-5 - Shutdown completed.
2025-10-27T20:17:43.103-03:00  INFO 14276 --- [HolaMundo] [restartedMain] com.skillnest.web.HolaMundoApplication   : Starting HolaMundoApplication using Java 21.0.7 with PID 14276 (C:\skillnest\W_STS\HolaMundo\target\classes started by Usuario in C:\skillnest\W_STS\HolaMundo)
2025-10-27T20:17:43.103-03:00  INFO 14276 --- [HolaMundo] [restartedMain] com.skillnest.web.HolaMundoApplication   : No active profile set, falling back to 1 default profile: "default"
2025-10-27T20:17:43.868-03:00  INFO 14276 --- [HolaMundo] [restartedMain] .s.d.r.c.RepositoryConfigurationDelegate : Bootstrapping Spring Data JPA repositories in DEFAULT mode.
2025-10-27T20:17:43.879-03:00  INFO 14276 --- [HolaMundo] [restartedMain] .s.d.r.c.RepositoryConfigurationDelegate : Finished Spring Data repository scanning in 6 ms. Found 0 JPA repository interfaces.
2025-10-27T20:17:44.183-03:00  INFO 14276 --- [HolaMundo] [restartedMain] o.s.b.w.embedded.tomcat.TomcatWebServer  : Tomcat initialized with port 8080 (http)
2025-10-27T20:17:44.185-03:00  INFO 14276 --- [HolaMundo] [restartedMain] o.apache.catalina.core.StandardService   : Starting service [Tomcat]
2025-10-27T20:17:44.185-03:00  INFO 14276 --- [HolaMundo] [restartedMain] o.apache.catalina.core.StandardEngine    : Starting Servlet engine: [Apache Tomcat/10.1.46]
2025-10-27T20:17:44.542-03:00  INFO 14276 --- [HolaMundo] [restartedMain] org.apache.jasper.servlet.TldScanner     : At least one JAR was scanned for TLDs yet contained no TLDs. Enable debug logging for this logger for a complete list of JARs that were scanned but no TLDs were found in them. Skipping unneeded JARs during scanning can improve startup time and JSP compilation time.
2025-10-27T20:17:44.561-03:00  INFO 14276 --- [HolaMundo] [restartedMain] o.a.c.c.C.[Tomcat].[localhost].[/]       : Initializing Spring embedded WebApplicationContext
2025-10-27T20:17:44.562-03:00  INFO 14276 --- [HolaMundo] [restartedMain] w.s.c.ServletWebServerApplicationContext : Root WebApplicationContext: initialization completed in 1456 ms
2025-10-27T20:17:44.753-03:00  INFO 14276 --- [HolaMundo] [restartedMain] o.hibernate.jpa.internal.util.LogHelper  : HHH000204: Processing PersistenceUnitInfo [name: default]
2025-10-27T20:17:44.771-03:00  INFO 14276 --- [HolaMundo] [restartedMain] o.h.c.internal.RegionFactoryInitiator    : HHH000026: Second-level cache disabled
2025-10-27T20:17:44.800-03:00  INFO 14276 --- [HolaMundo] [restartedMain] o.s.o.j.p.SpringPersistenceUnitInfo      : No LoadTimeWeaver setup: ignoring JPA class transformer
2025-10-27T20:17:44.802-03:00  INFO 14276 --- [HolaMundo] [restartedMain] com.zaxxer.hikari.HikariDataSource       : HikariPool-6 - Starting...
2025-10-27T20:17:44.810-03:00  INFO 14276 --- [HolaMundo] [restartedMain] com.zaxxer.hikari.pool.HikariPool        : HikariPool-6 - Added connection com.mysql.cj.jdbc.ConnectionImpl@35922e03
2025-10-27T20:17:44.810-03:00  INFO 14276 --- [HolaMundo] [restartedMain] com.zaxxer.hikari.HikariDataSource       : HikariPool-6 - Start completed.
2025-10-27T20:17:44.813-03:00  INFO 14276 --- [HolaMundo] [restartedMain] org.hibernate.orm.connections.pooling    : HHH10001005: Database info:
	Database JDBC URL [Connecting through datasource 'HikariDataSource (HikariPool-6)']
	Database driver: undefined/unknown
	Database version: 8.0.42
	Autocommit mode: undefined/unknown
	Isolation level: undefined/unknown
	Minimum pool size: undefined/unknown
	Maximum pool size: undefined/unknown
2025-10-27T20:17:44.861-03:00  INFO 14276 --- [HolaMundo] [restartedMain] o.h.e.t.j.p.i.JtaPlatformInitiator       : HHH000489: No JTA platform available (set 'hibernate.transaction.jta.platform' to enable JTA platform integration)
2025-10-27T20:17:44.861-03:00  INFO 14276 --- [HolaMundo] [restartedMain] j.LocalContainerEntityManagerFactoryBean : Initialized JPA EntityManagerFactory for persistence unit 'default'
2025-10-27T20:17:44.990-03:00  WARN 14276 --- [HolaMundo] [restartedMain] JpaBaseConfiguration$JpaWebConfiguration : spring.jpa.open-in-view is enabled by default. Therefore, database queries may be performed during view rendering. Explicitly configure spring.jpa.open-in-view to disable this warning
2025-10-27T20:17:45.070-03:00 DEBUG 14276 --- [HolaMundo] [restartedMain] s.w.s.m.m.a.RequestMappingHandlerMapping : 11 mappings in 'requestMappingHandlerMapping'
2025-10-27T20:17:45.213-03:00 DEBUG 14276 --- [HolaMundo] [restartedMain] o.s.w.s.handler.SimpleUrlHandlerMapping  : Patterns [/webjars/**, /**] in 'resourceHandlerMapping'
2025-10-27T20:17:45.226-03:00 DEBUG 14276 --- [HolaMundo] [restartedMain] s.w.s.m.m.a.RequestMappingHandlerAdapter : ControllerAdvice beans: 0 @ModelAttribute, 0 @InitBinder, 1 RequestBodyAdvice, 1 ResponseBodyAdvice
2025-10-27T20:17:45.276-03:00 DEBUG 14276 --- [HolaMundo] [restartedMain] .m.m.a.ExceptionHandlerExceptionResolver : ControllerAdvice beans: 0 @ExceptionHandler, 1 ResponseBodyAdvice
2025-10-27T20:17:45.411-03:00  INFO 14276 --- [HolaMundo] [restartedMain] o.s.b.d.a.OptionalLiveReloadServer       : LiveReload server is running on port 35729
2025-10-27T20:17:45.472-03:00  INFO 14276 --- [HolaMundo] [restartedMain] o.s.b.w.embedded.tomcat.TomcatWebServer  : Tomcat started on port 8080 (http) with context path '/'
2025-10-27T20:17:45.480-03:00  INFO 14276 --- [HolaMundo] [restartedMain] com.skillnest.web.HolaMundoApplication   : Started HolaMundoApplication in 2.474 seconds (process running for 365.211)
2025-10-27T20:17:45.491-03:00  INFO 14276 --- [HolaMundo] [restartedMain] .ConditionEvaluationDeltaLoggingListener : Condition evaluation unchanged
2025-10-27T20:17:52.425-03:00  INFO 14276 --- [HolaMundo] [http-nio-8080-exec-1] o.a.c.c.C.[Tomcat].[localhost].[/]       : Initializing Spring DispatcherServlet 'dispatcherServlet'
2025-10-27T20:17:52.425-03:00  INFO 14276 --- [HolaMundo] [http-nio-8080-exec-1] o.s.web.servlet.DispatcherServlet        : Initializing Servlet 'dispatcherServlet'
2025-10-27T20:17:52.425-03:00 DEBUG 14276 --- [HolaMundo] [http-nio-8080-exec-1] o.s.web.servlet.DispatcherServlet        : Detected StandardServletMultipartResolver
2025-10-27T20:17:52.425-03:00 DEBUG 14276 --- [HolaMundo] [http-nio-8080-exec-1] o.s.web.servlet.DispatcherServlet        : Detected AcceptHeaderLocaleResolver
2025-10-27T20:17:52.425-03:00 DEBUG 14276 --- [HolaMundo] [http-nio-8080-exec-1] o.s.web.servlet.DispatcherServlet        : Detected FixedThemeResolver
2025-10-27T20:17:52.427-03:00 DEBUG 14276 --- [HolaMundo] [http-nio-8080-exec-1] o.s.web.servlet.DispatcherServlet        : Detected org.springframework.web.servlet.view.DefaultRequestToViewNameTranslator@5b5b77e9
2025-10-27T20:17:52.429-03:00 DEBUG 14276 --- [HolaMundo] [http-nio-8080-exec-1] o.s.web.servlet.DispatcherServlet        : Detected org.springframework.web.servlet.support.SessionFlashMapManager@1d501248
2025-10-27T20:17:52.429-03:00 DEBUG 14276 --- [HolaMundo] [http-nio-8080-exec-1] o.s.web.servlet.DispatcherServlet        : enableLoggingRequestDetails='false': request parameters and headers will be masked to prevent unsafe logging of potentially sensitive data
2025-10-27T20:17:52.429-03:00  INFO 14276 --- [HolaMundo] [http-nio-8080-exec-1] o.s.web.servlet.DispatcherServlet        : Completed initialization in 4 ms
2025-10-27T20:17:52.429-03:00 DEBUG 14276 --- [HolaMundo] [http-nio-8080-exec-1] o.s.web.servlet.DispatcherServlet        : GET "/personas/crear", parameters={}
2025-10-27T20:17:52.430-03:00 DEBUG 14276 --- [HolaMundo] [http-nio-8080-exec-1] s.w.s.m.m.a.RequestMappingHandlerMapping : Mapped to com.skillnest.web.controllers.PersonaController#mostrarFormulario()
2025-10-27T20:17:52.445-03:00 DEBUG 14276 --- [HolaMundo] [http-nio-8080-exec-1] o.s.w.s.v.ContentNegotiatingViewResolver : Selected 'text/html' given [text/html, application/xhtml+xml, image/avif, image/webp, image/apng, application/xml;q=0.9, */*;q=0.8, application/signed-exchange;v=b3;q=0.7]
2025-10-27T20:17:52.446-03:00 DEBUG 14276 --- [HolaMundo] [http-nio-8080-exec-1] o.s.web.servlet.view.JstlView            : View name [personas/crear], model {}
2025-10-27T20:17:52.448-03:00 DEBUG 14276 --- [HolaMundo] [http-nio-8080-exec-1] o.s.web.servlet.view.JstlView            : Forwarding to [/WEB-INF/views/personas/crear.jsp]
2025-10-27T20:17:53.245-03:00 DEBUG 14276 --- [HolaMundo] [http-nio-8080-exec-1] o.s.web.servlet.DispatcherServlet        : Completed 200 OK
2025-10-27T20:18:49.275-03:00 DEBUG 14276 --- [HolaMundo] [http-nio-8080-exec-2] o.s.web.servlet.DispatcherServlet        : POST "/personas/guardar", parameters={masked}
2025-10-27T20:18:49.276-03:00 DEBUG 14276 --- [HolaMundo] [http-nio-8080-exec-2] s.w.s.m.m.a.RequestMappingHandlerMapping : Mapped to com.skillnest.web.controllers.PersonaController#guardarPersona(String, String, Model)
2025-10-27T20:18:49.505-03:00 DEBUG 14276 --- [HolaMundo] [http-nio-8080-exec-2] o.s.w.s.v.ContentNegotiatingViewResolver : Selected 'text/html' given [text/html, application/xhtml+xml, image/avif, image/webp, image/apng, application/xml;q=0.9, */*;q=0.8, application/signed-exchange;v=b3;q=0.7]
2025-10-27T20:18:49.506-03:00 DEBUG 14276 --- [HolaMundo] [http-nio-8080-exec-2] o.s.web.servlet.view.JstlView            : View name [detalle], model {nombre=Mijail, email=mijail@palma.com}
2025-10-27T20:18:49.507-03:00 DEBUG 14276 --- [HolaMundo] [http-nio-8080-exec-2] o.s.web.servlet.view.JstlView            : Forwarding to [/WEB-INF/views/detalle.jsp]
2025-10-27T20:18:49.514-03:00 DEBUG 14276 --- [HolaMundo] [http-nio-8080-exec-2] o.s.web.servlet.DispatcherServlet        : Completed 404 NOT_FOUND
2025-10-27T20:18:49.515-03:00 DEBUG 14276 --- [HolaMundo] [http-nio-8080-exec-2] o.s.web.servlet.DispatcherServlet        : "ERROR" dispatch for POST "/error", parameters={masked}
2025-10-27T20:18:49.517-03:00 DEBUG 14276 --- [HolaMundo] [http-nio-8080-exec-2] s.w.s.m.m.a.RequestMappingHandlerMapping : Mapped to org.springframework.boot.autoconfigure.web.servlet.error.BasicErrorController#errorHtml(HttpServletRequest, HttpServletResponse)
2025-10-27T20:18:49.544-03:00 DEBUG 14276 --- [HolaMundo] [http-nio-8080-exec-2] o.s.w.s.v.ContentNegotiatingViewResolver : Selected 'text/html' given [text/html, text/html;q=0.8]
2025-10-27T20:18:49.544-03:00 DEBUG 14276 --- [HolaMundo] [http-nio-8080-exec-2] o.s.web.servlet.DispatcherServlet        : Exiting from "ERROR" dispatch, status 404
2025-10-27T20:19:54.911-03:00  INFO 14276 --- [HolaMundo] [File Watcher] rtingClassPathChangeChangedEventListener : Restarting due to 1 class path change (0 additions, 0 deletions, 1 modification)
2025-10-27T20:19:54.923-03:00  INFO 14276 --- [HolaMundo] [Thread-25] o.s.b.w.e.tomcat.GracefulShutdown        : Commencing graceful shutdown. Waiting for active requests to complete
2025-10-27T20:19:54.938-03:00  INFO 14276 --- [HolaMundo] [tomcat-shutdown] o.s.b.w.e.tomcat.GracefulShutdown        : Graceful shutdown complete
2025-10-27T20:19:54.941-03:00  INFO 14276 --- [HolaMundo] [Thread-25] j.LocalContainerEntityManagerFactoryBean : Closing JPA EntityManagerFactory for persistence unit 'default'
2025-10-27T20:19:54.943-03:00  INFO 14276 --- [HolaMundo] [Thread-25] com.zaxxer.hikari.HikariDataSource       : HikariPool-6 - Shutdown initiated...
2025-10-27T20:19:54.992-03:00  INFO 14276 --- [HolaMundo] [Thread-25] com.zaxxer.hikari.HikariDataSource       : HikariPool-6 - Shutdown completed.
2025-10-27T20:19:55.292-03:00  INFO 14276 --- [HolaMundo] [restartedMain] com.skillnest.web.HolaMundoApplication   : Starting HolaMundoApplication using Java 21.0.7 with PID 14276 (C:\skillnest\W_STS\HolaMundo\target\classes started by Usuario in C:\skillnest\W_STS\HolaMundo)
2025-10-27T20:19:55.294-03:00  INFO 14276 --- [HolaMundo] [restartedMain] com.skillnest.web.HolaMundoApplication   : No active profile set, falling back to 1 default profile: "default"
2025-10-27T20:19:55.990-03:00  INFO 14276 --- [HolaMundo] [restartedMain] .s.d.r.c.RepositoryConfigurationDelegate : Bootstrapping Spring Data JPA repositories in DEFAULT mode.
2025-10-27T20:19:55.999-03:00  INFO 14276 --- [HolaMundo] [restartedMain] .s.d.r.c.RepositoryConfigurationDelegate : Finished Spring Data repository scanning in 7 ms. Found 0 JPA repository interfaces.
2025-10-27T20:19:56.484-03:00  INFO 14276 --- [HolaMundo] [restartedMain] o.s.b.w.embedded.tomcat.TomcatWebServer  : Tomcat initialized with port 8080 (http)
2025-10-27T20:19:56.496-03:00  INFO 14276 --- [HolaMundo] [restartedMain] o.apache.catalina.core.StandardService   : Starting service [Tomcat]
2025-10-27T20:19:56.497-03:00  INFO 14276 --- [HolaMundo] [restartedMain] o.apache.catalina.core.StandardEngine    : Starting Servlet engine: [Apache Tomcat/10.1.46]
2025-10-27T20:19:56.862-03:00  INFO 14276 --- [HolaMundo] [restartedMain] org.apache.jasper.servlet.TldScanner     : At least one JAR was scanned for TLDs yet contained no TLDs. Enable debug logging for this logger for a complete list of JARs that were scanned but no TLDs were found in them. Skipping unneeded JARs during scanning can improve startup time and JSP compilation time.
2025-10-27T20:19:56.870-03:00  INFO 14276 --- [HolaMundo] [restartedMain] o.a.c.c.C.[Tomcat].[localhost].[/]       : Initializing Spring embedded WebApplicationContext
2025-10-27T20:19:56.870-03:00  INFO 14276 --- [HolaMundo] [restartedMain] w.s.c.ServletWebServerApplicationContext : Root WebApplicationContext: initialization completed in 1566 ms
2025-10-27T20:19:57.144-03:00  INFO 14276 --- [HolaMundo] [restartedMain] o.hibernate.jpa.internal.util.LogHelper  : HHH000204: Processing PersistenceUnitInfo [name: default]
2025-10-27T20:19:57.181-03:00  INFO 14276 --- [HolaMundo] [restartedMain] o.h.c.internal.RegionFactoryInitiator    : HHH000026: Second-level cache disabled
2025-10-27T20:19:57.255-03:00  INFO 14276 --- [HolaMundo] [restartedMain] o.s.o.j.p.SpringPersistenceUnitInfo      : No LoadTimeWeaver setup: ignoring JPA class transformer
2025-10-27T20:19:57.285-03:00  INFO 14276 --- [HolaMundo] [restartedMain] com.zaxxer.hikari.HikariDataSource       : HikariPool-7 - Starting...
2025-10-27T20:19:57.304-03:00  INFO 14276 --- [HolaMundo] [restartedMain] com.zaxxer.hikari.pool.HikariPool        : HikariPool-7 - Added connection com.mysql.cj.jdbc.ConnectionImpl@3e75c16d
2025-10-27T20:19:57.305-03:00  INFO 14276 --- [HolaMundo] [restartedMain] com.zaxxer.hikari.HikariDataSource       : HikariPool-7 - Start completed.
2025-10-27T20:19:57.306-03:00  INFO 14276 --- [HolaMundo] [restartedMain] org.hibernate.orm.connections.pooling    : HHH10001005: Database info:
	Database JDBC URL [Connecting through datasource 'HikariDataSource (HikariPool-7)']
	Database driver: undefined/unknown
	Database version: 8.0.42
	Autocommit mode: undefined/unknown
	Isolation level: undefined/unknown
	Minimum pool size: undefined/unknown
	Maximum pool size: undefined/unknown
2025-10-27T20:19:57.355-03:00  INFO 14276 --- [HolaMundo] [restartedMain] o.h.e.t.j.p.i.JtaPlatformInitiator       : HHH000489: No JTA platform available (set 'hibernate.transaction.jta.platform' to enable JTA platform integration)
2025-10-27T20:19:57.355-03:00  INFO 14276 --- [HolaMundo] [restartedMain] j.LocalContainerEntityManagerFactoryBean : Initialized JPA EntityManagerFactory for persistence unit 'default'
2025-10-27T20:19:57.609-03:00  WARN 14276 --- [HolaMundo] [restartedMain] JpaBaseConfiguration$JpaWebConfiguration : spring.jpa.open-in-view is enabled by default. Therefore, database queries may be performed during view rendering. Explicitly configure spring.jpa.open-in-view to disable this warning
2025-10-27T20:19:57.778-03:00 DEBUG 14276 --- [HolaMundo] [restartedMain] s.w.s.m.m.a.RequestMappingHandlerMapping : 11 mappings in 'requestMappingHandlerMapping'
2025-10-27T20:19:57.971-03:00 DEBUG 14276 --- [HolaMundo] [restartedMain] o.s.w.s.handler.SimpleUrlHandlerMapping  : Patterns [/webjars/**, /**] in 'resourceHandlerMapping'
2025-10-27T20:19:58.021-03:00 DEBUG 14276 --- [HolaMundo] [restartedMain] s.w.s.m.m.a.RequestMappingHandlerAdapter : ControllerAdvice beans: 0 @ModelAttribute, 0 @InitBinder, 1 RequestBodyAdvice, 1 ResponseBodyAdvice
2025-10-27T20:19:58.122-03:00 DEBUG 14276 --- [HolaMundo] [restartedMain] .m.m.a.ExceptionHandlerExceptionResolver : ControllerAdvice beans: 0 @ExceptionHandler, 1 ResponseBodyAdvice
2025-10-27T20:19:58.533-03:00  INFO 14276 --- [HolaMundo] [restartedMain] o.s.b.d.a.OptionalLiveReloadServer       : LiveReload server is running on port 35729
2025-10-27T20:19:58.670-03:00  INFO 14276 --- [HolaMundo] [restartedMain] o.s.b.w.embedded.tomcat.TomcatWebServer  : Tomcat started on port 8080 (http) with context path '/'
2025-10-27T20:19:58.674-03:00  INFO 14276 --- [HolaMundo] [restartedMain] com.skillnest.web.HolaMundoApplication   : Started HolaMundoApplication in 3.541 seconds (process running for 498.405)
2025-10-27T20:19:58.677-03:00  INFO 14276 --- [HolaMundo] [restartedMain] .ConditionEvaluationDeltaLoggingListener : Condition evaluation unchanged
2025-10-27T20:22:02.040-03:00  INFO 14276 --- [HolaMundo] [http-nio-8080-exec-1] o.a.c.c.C.[Tomcat].[localhost].[/]       : Initializing Spring DispatcherServlet 'dispatcherServlet'
2025-10-27T20:22:02.040-03:00  INFO 14276 --- [HolaMundo] [http-nio-8080-exec-1] o.s.web.servlet.DispatcherServlet        : Initializing Servlet 'dispatcherServlet'
2025-10-27T20:22:02.040-03:00 DEBUG 14276 --- [HolaMundo] [http-nio-8080-exec-1] o.s.web.servlet.DispatcherServlet        : Detected StandardServletMultipartResolver
2025-10-27T20:22:02.040-03:00 DEBUG 14276 --- [HolaMundo] [http-nio-8080-exec-1] o.s.web.servlet.DispatcherServlet        : Detected AcceptHeaderLocaleResolver
2025-10-27T20:22:02.040-03:00 DEBUG 14276 --- [HolaMundo] [http-nio-8080-exec-1] o.s.web.servlet.DispatcherServlet        : Detected FixedThemeResolver
2025-10-27T20:22:02.042-03:00 DEBUG 14276 --- [HolaMundo] [http-nio-8080-exec-1] o.s.web.servlet.DispatcherServlet        : Detected org.springframework.web.servlet.view.DefaultRequestToViewNameTranslator@210bf245
2025-10-27T20:22:02.043-03:00 DEBUG 14276 --- [HolaMundo] [http-nio-8080-exec-1] o.s.web.servlet.DispatcherServlet        : Detected org.springframework.web.servlet.support.SessionFlashMapManager@517d6179
2025-10-27T20:22:02.043-03:00 DEBUG 14276 --- [HolaMundo] [http-nio-8080-exec-1] o.s.web.servlet.DispatcherServlet        : enableLoggingRequestDetails='false': request parameters and headers will be masked to prevent unsafe logging of potentially sensitive data
2025-10-27T20:22:02.043-03:00  INFO 14276 --- [HolaMundo] [http-nio-8080-exec-1] o.s.web.servlet.DispatcherServlet        : Completed initialization in 3 ms
2025-10-27T20:22:02.045-03:00 DEBUG 14276 --- [HolaMundo] [http-nio-8080-exec-1] o.s.web.servlet.DispatcherServlet        : GET "/", parameters={}
2025-10-27T20:22:02.045-03:00 DEBUG 14276 --- [HolaMundo] [http-nio-8080-exec-1] s.w.s.m.m.a.RequestMappingHandlerMapping : Mapped to com.skillnest.web.controllers.InicioController#mostrarInicio()
2025-10-27T20:22:02.053-03:00 DEBUG 14276 --- [HolaMundo] [http-nio-8080-exec-1] o.s.w.s.v.ContentNegotiatingViewResolver : Selected 'text/html' given [text/html, application/xhtml+xml, image/avif, image/webp, image/apng, application/xml;q=0.9, */*;q=0.8, application/signed-exchange;v=b3;q=0.7]
2025-10-27T20:22:02.053-03:00 DEBUG 14276 --- [HolaMundo] [http-nio-8080-exec-1] o.s.web.servlet.view.JstlView            : View name [inicio], model {}
2025-10-27T20:22:02.054-03:00 DEBUG 14276 --- [HolaMundo] [http-nio-8080-exec-1] o.s.web.servlet.view.JstlView            : Forwarding to [/WEB-INF/views/inicio.jsp]
2025-10-27T20:22:02.895-03:00 DEBUG 14276 --- [HolaMundo] [http-nio-8080-exec-1] o.s.web.servlet.DispatcherServlet        : Completed 200 OK
2025-10-27T20:22:04.215-03:00 DEBUG 14276 --- [HolaMundo] [http-nio-8080-exec-2] o.s.web.servlet.DispatcherServlet        : GET "/personas/crear", parameters={}
2025-10-27T20:22:04.215-03:00 DEBUG 14276 --- [HolaMundo] [http-nio-8080-exec-2] s.w.s.m.m.a.RequestMappingHandlerMapping : Mapped to com.skillnest.web.controllers.PersonaController#mostrarFormulario()
2025-10-27T20:22:04.224-03:00 DEBUG 14276 --- [HolaMundo] [http-nio-8080-exec-2] o.s.w.s.v.ContentNegotiatingViewResolver : Selected 'text/html' given [text/html, application/xhtml+xml, image/avif, image/webp, image/apng, application/xml;q=0.9, */*;q=0.8, application/signed-exchange;v=b3;q=0.7]
2025-10-27T20:22:04.224-03:00 DEBUG 14276 --- [HolaMundo] [http-nio-8080-exec-2] o.s.web.servlet.view.JstlView            : View name [personas/crear], model {}
2025-10-27T20:22:04.225-03:00 DEBUG 14276 --- [HolaMundo] [http-nio-8080-exec-2] o.s.web.servlet.view.JstlView            : Forwarding to [/WEB-INF/views/personas/crear.jsp]
2025-10-27T20:22:04.691-03:00 DEBUG 14276 --- [HolaMundo] [http-nio-8080-exec-2] o.s.web.servlet.DispatcherServlet        : Completed 200 OK
2025-10-27T20:22:18.383-03:00 DEBUG 14276 --- [HolaMundo] [http-nio-8080-exec-3] o.s.web.servlet.DispatcherServlet        : POST "/personas/guardar", parameters={masked}
2025-10-27T20:22:18.383-03:00 DEBUG 14276 --- [HolaMundo] [http-nio-8080-exec-3] s.w.s.m.m.a.RequestMappingHandlerMapping : Mapped to com.skillnest.web.controllers.PersonaController#guardarPersona(String, String, Model)
2025-10-27T20:22:18.453-03:00 DEBUG 14276 --- [HolaMundo] [http-nio-8080-exec-3] o.s.w.s.v.ContentNegotiatingViewResolver : Selected 'text/html' given [text/html, application/xhtml+xml, image/avif, image/webp, image/apng, application/xml;q=0.9, */*;q=0.8, application/signed-exchange;v=b3;q=0.7]
2025-10-27T20:22:18.453-03:00 DEBUG 14276 --- [HolaMundo] [http-nio-8080-exec-3] o.s.web.servlet.view.JstlView            : View name [personas/detalles], model {nombre=Julio, email=j@palma.cl}
2025-10-27T20:22:18.453-03:00 DEBUG 14276 --- [HolaMundo] [http-nio-8080-exec-3] o.s.web.servlet.view.JstlView            : Forwarding to [/WEB-INF/views/personas/detalles.jsp]
2025-10-27T20:22:19.305-03:00 DEBUG 14276 --- [HolaMundo] [http-nio-8080-exec-3] o.s.web.servlet.DispatcherServlet        : Completed 200 OK
2025-10-27T20:23:42.818-03:00  INFO 14276 --- [HolaMundo] [RMI TCP Connection(16)-127.0.0.1] inMXBeanRegistrar$SpringApplicationAdmin : Application shutdown requested.
2025-10-27T20:23:42.820-03:00  INFO 14276 --- [HolaMundo] [RMI TCP Connection(16)-127.0.0.1] o.s.b.w.e.tomcat.GracefulShutdown        : Commencing graceful shutdown. Waiting for active requests to complete
2025-10-27T20:23:42.870-03:00  INFO 14276 --- [HolaMundo] [tomcat-shutdown] o.s.b.w.e.tomcat.GracefulShutdown        : Graceful shutdown complete
2025-10-27T20:23:42.875-03:00  INFO 14276 --- [HolaMundo] [RMI TCP Connection(16)-127.0.0.1] j.LocalContainerEntityManagerFactoryBean : Closing JPA EntityManagerFactory for persistence unit 'default'
2025-10-27T20:23:42.876-03:00  INFO 14276 --- [HolaMundo] [RMI TCP Connection(16)-127.0.0.1] com.zaxxer.hikari.HikariDataSource       : HikariPool-7 - Shutdown initiated...
2025-10-27T20:23:42.898-03:00  INFO 14276 --- [HolaMundo] [RMI TCP Connection(16)-127.0.0.1] com.zaxxer.hikari.HikariDataSource       : HikariPool-7 - Shutdown completed.
